<?xml version="1.0" encoding="UTF-8"?>
<coverage generated="1603177950759" clover="3.2.0">
  <project timestamp="1603177950759" name="All files">
    <metrics statements="41" coveredstatements="28" conditionals="2" coveredconditionals="2" methods="15" coveredmethods="10" elements="58" coveredelements="40" complexity="0" loc="41" ncloc="41" packages="1" files="3" classes="3"/>
    <file name="Home.vue" path="C:\Users\shramgir\vuejsprojects\dogbreed-app\src\views\Home.vue">
      <metrics statements="25" coveredstatements="12" conditionals="0" coveredconditionals="0" methods="10" coveredmethods="5"/>
      <line num="77" count="2" type="stmt"/>
      <line num="78" count="2" type="stmt"/>
      <line num="79" count="2" type="stmt"/>
      <line num="88" count="2" type="stmt"/>
      <line num="101" count="0" type="stmt"/>
      <line num="102" count="0" type="stmt"/>
      <line num="103" count="0" type="stmt"/>
      <line num="108" count="2" type="stmt"/>
      <line num="109" count="2" type="stmt"/>
      <line num="110" count="2" type="stmt"/>
      <line num="111" count="2" type="stmt"/>
      <line num="112" count="2" type="stmt"/>
      <line num="116" count="0" type="stmt"/>
      <line num="117" count="0" type="stmt"/>
      <line num="122" count="0" type="stmt"/>
      <line num="123" count="0" type="stmt"/>
      <line num="124" count="0" type="stmt"/>
      <line num="126" count="0" type="stmt"/>
      <line num="127" count="0" type="stmt"/>
      <line num="131" count="2" type="stmt"/>
      <line num="132" count="0" type="stmt"/>
      <line num="133" count="0" type="stmt"/>
      <line num="135" count="0" type="stmt"/>
      <line num="142" count="2" type="stmt"/>
      <line num="147" count="2" type="stmt"/>
    </file>
    <file name="SearchBreed.vue" path="C:\Users\shramgir\vuejsprojects\dogbreed-app\src\views\SearchBreed.vue">
      <metrics statements="6" coveredstatements="6" conditionals="0" coveredconditionals="0" methods="3" coveredmethods="3"/>
      <line num="30" count="1" type="stmt"/>
      <line num="39" count="6" type="stmt"/>
      <line num="48" count="9" type="stmt"/>
      <line num="50" count="9" type="stmt"/>
      <line num="57" count="6" type="stmt"/>
      <line num="58" count="6" type="stmt"/>
    </file>
    <file name="SubBreed.vue" path="C:\Users\shramgir\vuejsprojects\dogbreed-app\src\views\SubBreed.vue">
      <metrics statements="10" coveredstatements="10" conditionals="2" coveredconditionals="2" methods="2" coveredmethods="2"/>
      <line num="32" count="2" type="stmt"/>
      <line num="33" count="2" type="stmt"/>
      <line num="52" count="4" type="stmt"/>
      <line num="53" count="4" type="stmt"/>
      <line num="54" count="4" type="stmt"/>
      <line num="55" count="4" type="cond" truecount="2" falsecount="0"/>
      <line num="56" count="1" type="stmt"/>
      <line num="58" count="3" type="stmt"/>
      <line num="60" count="4" type="stmt"/>
      <line num="65" count="4" type="stmt"/>
    </file>
  </project>
</coverage>
