{"C:\\Users\\shramgir\\vuejsprojects\\dogbreed-app\\src\\views\\Home.vue": {"path":"C:\\Users\\shramgir\\vuejsprojects\\dogbreed-app\\src\\views\\Home.vue","statementMap":{"0":{"start":{"line":77,"column":0},"end":{"line":77,"column":null}},"1":{"start":{"line":78,"column":0},"end":{"line":78,"column":null}},"2":{"start":{"line":79,"column":0},"end":{"line":79,"column":null}},"3":{"start":{"line":88,"column":0},"end":{"line":88,"column":null}},"4":{"start":{"line":101,"column":0},"end":{"line":101,"column":null}},"5":{"start":{"line":102,"column":0},"end":{"line":104,"column":null}},"6":{"start":{"line":102,"column":0},"end":{"line":102,"column":null}},"7":{"start":{"line":103,"column":0},"end":{"line":103,"column":null}},"8":{"start":{"line":108,"column":0},"end":{"line":108,"column":null}},"9":{"start":{"line":109,"column":0},"end":{"line":109,"column":null}},"10":{"start":{"line":110,"column":0},"end":{"line":110,"column":null}},"11":{"start":{"line":111,"column":0},"end":{"line":111,"column":null}},"12":{"start":{"line":112,"column":0},"end":{"line":112,"column":null}},"13":{"start":{"line":116,"column":0},"end":{"line":116,"column":null}},"14":{"start":{"line":117,"column":0},"end":{"line":117,"column":null}},"15":{"start":{"line":122,"column":0},"end":{"line":128,"column":null}},"16":{"start":{"line":122,"column":0},"end":{"line":122,"column":null}},"17":{"start":{"line":123,"column":0},"end":{"line":125,"column":null}},"18":{"start":{"line":124,"column":0},"end":{"line":124,"column":null}},"19":{"start":{"line":126,"column":0},"end":{"line":126,"column":null}},"20":{"start":{"line":127,"column":0},"end":{"line":127,"column":null}},"21":{"start":{"line":131,"column":0},"end":{"line":136,"column":null}},"22":{"start":{"line":132,"column":0},"end":{"line":132,"column":null}},"23":{"start":{"line":133,"column":0},"end":{"line":133,"column":null}},"24":{"start":{"line":135,"column":0},"end":{"line":135,"column":null}},"25":{"start":{"line":142,"column":0},"end":{"line":142,"column":null}},"26":{"start":{"line":147,"column":0},"end":{"line":147,"column":null}}},"fnMap":{"0":{"name":"(anonymous_1)","decl":{"start":{"line":87,"column":0},"end":{"line":87,"column":null}},"loc":{"start":{"line":87,"column":0},"end":{"line":96,"column":null}}},"1":{"name":"(anonymous_2)","decl":{"start":{"line":100,"column":0},"end":{"line":100,"column":null}},"loc":{"start":{"line":100,"column":0},"end":{"line":105,"column":null}}},"2":{"name":"(anonymous_3)","decl":{"start":{"line":107,"column":0},"end":{"line":107,"column":null}},"loc":{"start":{"line":107,"column":0},"end":{"line":113,"column":null}}},"3":{"name":"(anonymous_4)","decl":{"start":{"line":115,"column":0},"end":{"line":115,"column":null}},"loc":{"start":{"line":115,"column":0},"end":{"line":118,"column":null}}},"4":{"name":"(anonymous_5)","decl":{"start":{"line":121,"column":0},"end":{"line":121,"column":null}},"loc":{"start":{"line":121,"column":0},"end":{"line":129,"column":null}}},"5":{"name":"(anonymous_6)","decl":{"start":{"line":123,"column":0},"end":{"line":123,"column":null}},"loc":{"start":{"line":123,"column":0},"end":{"line":125,"column":null}}},"6":{"name":"(anonymous_7)","decl":{"start":{"line":130,"column":0},"end":{"line":130,"column":null}},"loc":{"start":{"line":130,"column":0},"end":{"line":137,"column":null}}},"7":{"name":"(anonymous_8)","decl":{"start":{"line":131,"column":0},"end":{"line":131,"column":null}},"loc":{"start":{"line":131,"column":0},"end":{"line":136,"column":null}}},"8":{"name":"(anonymous_9)","decl":{"start":{"line":141,"column":0},"end":{"line":141,"column":null}},"loc":{"start":{"line":141,"column":0},"end":{"line":143,"column":null}}},"9":{"name":"(anonymous_10)","decl":{"start":{"line":146,"column":0},"end":{"line":146,"column":null}},"loc":{"start":{"line":146,"column":0},"end":{"line":148,"column":null}}}},"branchMap":{},"s":{"0":2,"1":2,"2":2,"3":2,"4":0,"5":0,"6":0,"7":0,"8":2,"9":2,"10":2,"11":2,"12":2,"13":0,"14":0,"15":0,"16":0,"17":0,"18":0,"19":0,"20":0,"21":2,"22":0,"23":0,"24":0,"25":2,"26":2},"f":{"0":2,"1":0,"2":2,"3":0,"4":0,"5":0,"6":2,"7":0,"8":2,"9":2},"b":{}}
,"C:\\Users\\shramgir\\vuejsprojects\\dogbreed-app\\src\\views\\SearchBreed.vue": {"path":"C:\\Users\\shramgir\\vuejsprojects\\dogbreed-app\\src\\views\\SearchBreed.vue","statementMap":{"0":{"start":{"line":30,"column":0},"end":{"line":30,"column":null}},"1":{"start":{"line":39,"column":0},"end":{"line":39,"column":null}},"2":{"start":{"line":48,"column":0},"end":{"line":48,"column":null}},"3":{"start":{"line":50,"column":0},"end":{"line":50,"column":null}},"4":{"start":{"line":57,"column":0},"end":{"line":57,"column":null}},"5":{"start":{"line":58,"column":0},"end":{"line":58,"column":null}}},"fnMap":{"0":{"name":"(anonymous_1)","decl":{"start":{"line":38,"column":0},"end":{"line":38,"column":null}},"loc":{"start":{"line":38,"column":0},"end":{"line":42,"column":null}}},"1":{"name":"(anonymous_2)","decl":{"start":{"line":47,"column":0},"end":{"line":47,"column":null}},"loc":{"start":{"line":47,"column":0},"end":{"line":51,"column":null}}},"2":{"name":"(anonymous_3)","decl":{"start":{"line":56,"column":0},"end":{"line":56,"column":null}},"loc":{"start":{"line":56,"column":0},"end":{"line":59,"column":null}}}},"branchMap":{},"s":{"0":1,"1":6,"2":9,"3":9,"4":6,"5":6},"f":{"0":6,"1":9,"2":6},"b":{}}
,"C:\\Users\\shramgir\\vuejsprojects\\dogbreed-app\\src\\views\\SubBreed.vue": {"path":"C:\\Users\\shramgir\\vuejsprojects\\dogbreed-app\\src\\views\\SubBreed.vue","statementMap":{"0":{"start":{"line":32,"column":0},"end":{"line":32,"column":null}},"1":{"start":{"line":33,"column":0},"end":{"line":33,"column":null}},"2":{"start":{"line":52,"column":0},"end":{"line":52,"column":null}},"3":{"start":{"line":53,"column":0},"end":{"line":53,"column":null}},"4":{"start":{"line":54,"column":0},"end":{"line":54,"column":null}},"5":{"start":{"line":55,"column":0},"end":{"line":59,"column":null}},"6":{"start":{"line":56,"column":0},"end":{"line":56,"column":null}},"7":{"start":{"line":58,"column":0},"end":{"line":58,"column":null}},"8":{"start":{"line":60,"column":0},"end":{"line":60,"column":null}},"9":{"start":{"line":65,"column":0},"end":{"line":65,"column":null}}},"fnMap":{"0":{"name":"(anonymous_1)","decl":{"start":{"line":50,"column":0},"end":{"line":50,"column":null}},"loc":{"start":{"line":50,"column":0},"end":{"line":61,"column":null}}},"1":{"name":"(anonymous_2)","decl":{"start":{"line":64,"column":0},"end":{"line":64,"column":null}},"loc":{"start":{"line":64,"column":0},"end":{"line":66,"column":null}}}},"branchMap":{"0":{"loc":{"start":{"line":55,"column":0},"end":{"line":59,"column":null}},"type":"if","locations":[{"start":{"line":55,"column":0},"end":{"line":59,"column":null}},{"start":{"line":55,"column":0},"end":{"line":59,"column":null}}]}},"s":{"0":2,"1":2,"2":4,"3":4,"4":4,"5":4,"6":1,"7":3,"8":4,"9":4},"f":{"0":4,"1":4},"b":{"0":[1,3]}}
}
