TN:
SF:C:\Users\shramgir\vuejsprojects\dogbreed-app\src\views\Home.vue
FN:87,(anonymous_1)
FN:100,(anonymous_2)
FN:107,(anonymous_3)
FN:115,(anonymous_4)
FN:121,(anonymous_5)
FN:123,(anonymous_6)
FN:130,(anonymous_7)
FN:131,(anonymous_8)
FN:141,(anonymous_9)
FN:146,(anonymous_10)
FNF:10
FNH:5
FNDA:2,(anonymous_1)
FNDA:0,(anonymous_2)
FNDA:2,(anonymous_3)
FNDA:0,(anonymous_4)
FNDA:0,(anonymous_5)
FNDA:0,(anonymous_6)
FNDA:2,(anonymous_7)
FNDA:0,(anonymous_8)
FNDA:2,(anonymous_9)
FNDA:2,(anonymous_10)
DA:77,2
DA:78,2
DA:79,2
DA:88,2
DA:101,0
DA:102,0
DA:103,0
DA:108,2
DA:109,2
DA:110,2
DA:111,2
DA:112,2
DA:116,0
DA:117,0
DA:122,0
DA:123,0
DA:124,0
DA:126,0
DA:127,0
DA:131,2
DA:132,0
DA:133,0
DA:135,0
DA:142,2
DA:147,2
LF:25
LH:12
BRF:0
BRH:0
end_of_record
TN:
SF:C:\Users\shramgir\vuejsprojects\dogbreed-app\src\views\SearchBreed.vue
FN:38,(anonymous_1)
FN:47,(anonymous_2)
FN:56,(anonymous_3)
FNF:3
FNH:3
FNDA:6,(anonymous_1)
FNDA:9,(anonymous_2)
FNDA:6,(anonymous_3)
DA:30,1
DA:39,6
DA:48,9
DA:50,9
DA:57,6
DA:58,6
LF:6
LH:6
BRF:0
BRH:0
end_of_record
TN:
SF:C:\Users\shramgir\vuejsprojects\dogbreed-app\src\views\SubBreed.vue
FN:50,(anonymous_1)
FN:64,(anonymous_2)
FNF:2
FNH:2
FNDA:4,(anonymous_1)
FNDA:4,(anonymous_2)
DA:32,2
DA:33,2
DA:52,4
DA:53,4
DA:54,4
DA:55,4
DA:56,1
DA:58,3
DA:60,4
DA:65,4
LF:10
LH:10
BRDA:55,0,0,1
BRDA:55,0,1,3
BRF:2
BRH:2
end_of_record
